<?xml version="1.0" encoding="UTF-8"?>
<!-- Generated by org.testng.reporters.JUnitReportReporter -->
<testsuite skipped="0" hostname="sugar" name="qmtv_sunge.CITest.SayHelloTest" tests="1" failures="0" timestamp="16 一月 2018 04:21:19 GMT" time="0.006" errors="0">
  <testcase name="testHello" time="0.006" classname="qmtv_sunge.CITest.SayHelloTest"/>
</testsuite> <!-- qmtv_sunge.CITest.SayHelloTest -->
